2026-03-24 18:32:20, MOVE, v:1, k:ed@baruel, mode:DOWN
2026-03-24 18:32:25, MOVE, v:1, k:ed@baruel, mode:PICK
2026-03-24 18:32:28, MOVE, v:1, k:ed@baruel, mode:BACK
2026-03-24 18:33:29, MOVE, v:1, k:ed@baruel, mode:PICK
2026-03-24 18:33:32, EXEC, v:1, k:ed@baruel, mode:FULL, rate:0, size:5
2026-03-24 18:47:23, EXEC, v:1, k:ed@baruel, mode:FULL, rate:100, size:56
2026-03-24 18:48:38, MOVE, v:1, k:ed@baruel, mode:BACK
2026-03-24 18:48:44, MOVE, v:1, k:ed@baruel, mode:PICK
2026-03-24 18:48:50, EXEC, v:1, k:ed@baruel, mode:FULL, rate:100
2026-03-24 18:48:57, EXEC, v:1, k:ed@baruel, mode:FULL, rate:100
2026-03-24 18:49:00, EXEC, v:1, k:ed@baruel, mode:FULL, rate:100
2026-03-24 18:49:02, EXEC, v:1, k:ed@baruel, mode:FULL, rate:100
2026-03-24 18:51:13, EXEC, v:1, k:ed@baruel, mode:FULL, rate:100
2026-03-24 18:55:39, EXEC, v:1, k:ed@baruel, mode:FULL, size:56, fail:COMP
2026-03-24 18:55:55, EXEC, v:1, k:ed@baruel, mode:FULL, rate:0, size:56
2026-03-24 18:56:22, EXEC, v:1, k:ed@baruel, mode:FULL, rate:0, size:56
2026-03-24 18:56:54, EXEC, v:1, k:ed@baruel, mode:FULL, rate:0, size:56
2026-03-24 18:57:19, EXEC, v:1, k:ed@baruel, mode:FULL, rate:0, size:56
2026-03-24 18:57:30, EXEC, v:1, k:ed@baruel, mode:FULL, rate:100, size:56
2026-03-24 19:00:36, MOVE, v:1, k:ed@baruel, mode:BACK
2026-03-24 19:00:41, MOVE, v:1, k:ed@baruel, mode:PICK
2026-03-24 19:00:43, EXEC, v:1, k:ed@baruel, mode:FULL, rate:100
2026-03-24 19:00:50, MOVE, v:1, k:ed@baruel, mode:BACK
2026-03-24 19:00:52, MOVE, v:1, k:ed@baruel, mode:PICK
2026-03-24 19:01:00, EXEC, v:1, k:ed@baruel, mode:FREE
2026-03-24 19:01:26, EXEC, v:1, k:ed@baruel, mode:FULL, rate:100
2026-03-24 19:03:32, MOVE, v:1, k:ed@gomos, mode:DOWN
2026-03-24 19:03:35, MOVE, v:1, k:ed@gomos, mode:PICK
2026-03-24 19:03:44, EXEC, v:1, k:ed@gomos, mode:FULL, rate:0, size:5
2026-03-24 19:12:18, MOVE, v:1, k:ed@gomos, mode:BACK
2026-03-24 19:12:23, MOVE, v:1, k:ed@baruel, mode:BACK
2026-03-24 19:16:32, MOVE, v:1, k:ed@baruel, mode:PICK
2026-03-24 19:16:39, EXEC, v:1, k:ed@baruel, mode:FULL, rate:100, size:56
2026-03-24 19:16:42, MOVE, v:1, k:ed@baruel, mode:BACK
2026-03-24 19:16:48, MOVE, v:1, k:ed@gomos, mode:PICK
2026-03-24 19:16:50, EXEC, v:1, k:ed@gomos, mode:FULL, rate:0
2026-03-24 19:16:53, MOVE, v:1, k:ed@gomos, mode:BACK
2026-03-24 19:16:59, MOVE, v:1, k:ed@baruel, mode:PICK
2026-03-24 19:22:12, MOVE, v:1, k:ed@baruel, mode:BACK
2026-03-24 19:22:15, MOVE, v:1, k:ed@baruel, mode:PICK
2026-03-24 19:22:19, MOVE, v:1, k:ed@baruel, mode:BACK
2026-03-24 19:22:23, MOVE, v:1, k:ed@baruel, mode:PICK
2026-03-24 19:36:13, MOVE, v:1, k:ed@baruel, mode:BACK
2026-03-24 19:36:42, MOVE, v:1, k:ed@baruel, mode:PICK
2026-03-24 19:36:45, EXEC, v:1, k:ed@baruel, mode:FULL, rate:100
2026-03-24 19:39:26, MOVE, v:1, k:ed@baruel, mode:BACK
2026-03-24 19:39:58, SELF, v:1, k:ed@baruel, self:1, rate:100, study:100
2026-03-24 19:41:41, MOVE, v:1, k:ed@fuga, mode:PICK
2026-03-24 19:41:55, EXEC, v:1, k:ed@fuga, mode:FULL, rate:80
2026-03-24 19:44:43, MOVE, v:1, k:ed@fuga, mode:BACK
2026-03-24 19:44:48, MOVE, v:1, k:ed@baruel, mode:PICK
2026-03-24 19:44:50, EXEC, v:1, k:ed@baruel, mode:FULL, rate:100, size:63
2026-03-24 19:44:52, MOVE, v:1, k:ed@baruel, mode:BACK
2026-03-24 19:45:26, MOVE, v:1, k:ed@fuga, mode:PICK
2026-03-24 19:45:28, EXEC, v:1, k:ed@fuga, mode:FULL, rate:100, size:31
2026-03-24 19:46:05, EXEC, v:1, k:ed@fuga, mode:FULL, rate:100, size:28
2026-03-24 19:46:09, MOVE, v:1, k:ed@fuga, mode:BACK
2026-03-24 19:46:21, MOVE, v:1, k:ed@fuga, mode:PICK
2026-03-24 19:46:22, EXEC, v:1, k:ed@fuga, mode:FULL, rate:100
2026-03-24 19:46:26, MOVE, v:1, k:ed@fuga, mode:BACK
2026-03-24 19:47:05, MOVE, v:1, k:ed@fuga, mode:PICK
2026-03-24 19:47:06, EXEC, v:1, k:ed@fuga, mode:FULL, rate:100
2026-03-24 19:47:09, MOVE, v:1, k:ed@fuga, mode:BACK
2026-03-24 19:47:19, MOVE, v:1, k:ed@fuga, mode:PICK
2026-03-24 19:59:15, MOVE, v:1, k:ed@fuga, mode:BACK
