2026-03-16 18:41:57, MOVE, v:1, k:ed@princesa, mode:PICK
2026-03-16 18:42:58, MOVE, v:1, k:ed@princesa, mode:BACK
2026-03-16 18:43:16, MOVE, v:1, k:ed@pintando, mode:DOWN
2026-03-16 18:43:17, MOVE, v:1, k:ed@pintando, mode:PICK
2026-03-16 18:55:46, EXEC, v:1, k:ed@pintando, mode:FULL, rate:0, size:21
2026-03-16 18:57:18, EXEC, v:1, k:ed@pintando, mode:FULL, rate:0, size:21
2026-03-16 18:59:42, EXEC, v:1, k:ed@pintando, mode:FULL, rate:100, size:21
2026-03-16 18:59:59, MOVE, v:1, k:ed@pintando, mode:BACK
2026-03-16 19:02:41, MOVE, v:1, k:ed@mumia, mode:DOWN
2026-03-16 19:02:43, MOVE, v:1, k:ed@mumia, mode:PICK
2026-03-16 19:19:47, EXEC, v:1, k:ed@mumia, mode:FULL, size:24, fail:COMP
2026-03-16 19:19:58, EXEC, v:1, k:ed@mumia, mode:FULL, rate:0, size:23
2026-03-16 19:21:09, EXEC, v:1, k:ed@mumia, mode:FULL, rate:0, size:24
2026-03-16 19:22:56, EXEC, v:1, k:ed@mumia, mode:FULL, rate:100, size:26
2026-03-16 19:23:26, MOVE, v:1, k:ed@mumia, mode:BACK
2026-03-16 19:23:34, MOVE, v:1, k:ed@pedra, mode:DOWN
2026-03-16 19:23:36, MOVE, v:1, k:ed@pedra, mode:PICK
2026-03-16 19:23:40, EXEC, v:1, k:ed@pedra, mode:FULL, rate:0, size:5
2026-03-16 19:23:46, MOVE, v:1, k:ed@pedra, mode:BACK
2026-03-16 19:23:48, MOVE, v:1, k:ed@pedra, mode:PICK
2026-03-16 19:30:58, EXEC, v:1, k:ed@pedra, mode:FULL, size:18, fail:COMP
2026-03-16 19:31:31, EXEC, v:1, k:ed@pedra, mode:FULL, size:18, fail:COMP
2026-03-16 19:31:32, EXEC, v:1, k:ed@pedra, mode:FULL, fail:COMP
2026-03-16 19:35:31, EXEC, v:1, k:ed@pedra, mode:FULL, size:20, fail:COMP
2026-03-16 19:35:32, EXEC, v:1, k:ed@pedra, mode:FULL, fail:COMP
2026-03-16 19:36:57, EXEC, v:1, k:ed@pedra, mode:FULL, rate:0, size:20
2026-03-16 19:57:47, MOVE, v:1, k:ed@pedra, mode:BACK
2026-03-16 19:58:52, SELF, v:1, k:ed@pintando, self:1, rate:100, study:17
2026-03-16 19:59:01, MOVE, v:1, k:ed@mumia, mode:PICK
2026-03-16 19:59:03, MOVE, v:1, k:ed@mumia, mode:BACK
2026-03-16 19:59:31, SELF, v:1, k:ed@mumia, self:1, rate:100, study:21
