2026-05-05 18:36:51, MOVE, v:1, k:ed@editorint, mode:DOWN
2026-05-05 18:36:52, MOVE, v:1, k:ed@editorint, mode:PICK
2026-05-05 18:37:13, MOVE, v:1, k:ed@editorint, mode:BACK
2026-05-05 18:37:30, MOVE, v:1, k:ed@editorint, mode:PICK
2026-05-05 18:37:39, MOVE, v:1, k:ed@editorint, mode:BACK
2026-05-05 18:38:32, EXEC, v:1, k:src@go, mode:FREE, size:259
2026-05-05 18:39:13, EXEC, v:1, k:src@go, mode:FREE
2026-05-05 18:41:51, EXEC, v:1, k:src@go, mode:FREE
2026-05-05 18:42:18, EXEC, v:1, k:ed@editorint, mode:FREE
2026-05-05 19:52:06, MOVE, v:1, k:ed@editorint, mode:PICK
2026-05-05 19:52:58, EXEC, v:1, k:ed@editorint, mode:FREE
2026-05-05 20:07:08, EXEC, v:1, k:ed@editorint, mode:FREE
2026-05-05 20:11:39, EXEC, v:1, k:ed@editorint, mode:FREE
2026-05-05 20:11:54, EXEC, v:1, k:ed@editorint, mode:FREE
2026-05-05 20:12:15, EXEC, v:1, k:ed@editorint, mode:FREE
2026-05-05 20:15:28, EXEC, v:1, k:ed@editorint, mode:FREE
2026-05-05 20:21:02, EXEC, v:1, k:ed@editorint, mode:FREE
2026-05-05 20:23:42, MOVE, v:1, k:ed@editorint, mode:PICK
2026-05-05 20:24:04, EXEC, v:1, k:ed@editorint, mode:LOCK, rate:100, size:345
2026-05-05 20:24:06, MOVE, v:1, k:ed@editorint, mode:BACK
2026-05-05 20:25:49, MOVE, v:1, k:ed@editorint, mode:PICK
2026-05-05 20:23:43, MOVE, v:1, k:ed@editorint, mode:EDIT
2026-05-05 22:47:59, SELF, v:1, k:ed@editorint, self:1, rate:100, study:300, concept:1, refactor:1
